
> react-kavia@0.1.0 start
> react-scripts start

(node:1115) [DEP_WEBPACK_DEV_SERVER_ON_AFTER_SETUP_MIDDLEWARE] DeprecationWarning: 'onAfterSetupMiddleware' option is deprecated. Please use the 'setupMiddlewares' option.
(Use `node --trace-deprecation ...` to show where the warning was created)
(node:1115) [DEP_WEBPACK_DEV_SERVER_ON_BEFORE_SETUP_MIDDLEWARE] DeprecationWarning: 'onBeforeSetupMiddleware' option is deprecated. Please use the 'setupMiddlewares' option.
Starting the development server...

Compiled successfully!

You can now view react-kavia in the browser.

  Local:            http://localhost:3000
  On Your Network:  http://172.17.0.2:3000

Note that the development build is not optimized.
To create a production build, use npm run build.

webpack compiled successfully
Compiling...
Failed to compile.

Module not found: Error: Can't resolve './pages/Settings' in '/home/kavia/workspace/code-generation/flexidash-core-95287-95293/main_container_for_flexidash_core/src'
WARNING in [eslint] 
src/pages/Dashboard.js
  Line 11:11:  'widgets' is assigned a value but never used  no-unused-vars

ERROR in ./src/App.js 10:0-40
Module not found: Error: Can't resolve './pages/Settings' in '/home/kavia/workspace/code-generation/flexidash-core-95287-95293/main_container_for_flexidash_core/src'

ERROR in ./src/App.js 11:0-38
Module not found: Error: Can't resolve './pages/Profile' in '/home/kavia/workspace/code-generation/flexidash-core-95287-95293/main_container_for_flexidash_core/src'

ERROR in ./src/App.js 12:0-32
Module not found: Error: Can't resolve './pages/Help' in '/home/kavia/workspace/code-generation/flexidash-core-95287-95293/main_container_for_flexidash_core/src'

webpack compiled with 3 errors and 1 warning
Compiling...
Failed to compile.

Module not found: Error: Can't resolve './pages/Settings' in '/home/kavia/workspace/code-generation/flexidash-core-95287-95293/main_container_for_flexidash_core/src'
WARNING in [eslint] 
src/pages/Dashboard.js
  Line 11:11:  'widgets' is assigned a value but never used  no-unused-vars

ERROR in ./src/App.js 10:0-40
Module not found: Error: Can't resolve './pages/Settings' in '/home/kavia/workspace/code-generation/flexidash-core-95287-95293/main_container_for_flexidash_core/src'

ERROR in ./src/App.js 11:0-38
Module not found: Error: Can't resolve './pages/Profile' in '/home/kavia/workspace/code-generation/flexidash-core-95287-95293/main_container_for_flexidash_core/src'

ERROR in ./src/App.js 12:0-32
Module not found: Error: Can't resolve './pages/Help' in '/home/kavia/workspace/code-generation/flexidash-core-95287-95293/main_container_for_flexidash_core/src'

webpack compiled with 3 errors and 1 warning
